DEB [20200114-21:57:46.350] thr=1   paramiko.transport: starting thread (client mode): 0xa8aab760
DEB [20200114-21:57:46.351] thr=1   paramiko.transport: Local version/idstring: SSH-2.0-paramiko_2.6.0
DEB [20200114-21:57:46.375] thr=1   paramiko.transport: Remote version/idstring: SSH-2.0-OpenSSH_7.4
INF [20200114-21:57:46.376] thr=1   paramiko.transport: Connected (version 2.0, client OpenSSH_7.4)
DEB [20200114-21:57:46.394] thr=1   paramiko.transport: kex algos:['curve25519-sha256', 'curve25519-sha256@libssh.org', 'ecdh-sha2-nistp256', 'ecdh-sha2-nistp384', 'ecdh-sha2-nistp521', 'diffie-hellman-group-exchange-sha256', 'diffie-hellman-group16-sha512', 'diffie-hellman-group18-sha512', 'diffie-hellman-group-exchange-sha1', 'diffie-hellman-group14-sha256', 'diffie-hellman-group14-sha1', 'diffie-hellman-group1-sha1'] server key:['ssh-rsa', 'rsa-sha2-512', 'rsa-sha2-256', 'ecdsa-sha2-nistp256', 'ssh-ed25519'] client encrypt:['chacha20-poly1305@openssh.com', 'aes128-ctr', 'aes192-ctr', 'aes256-ctr', 'aes128-gcm@openssh.com', 'aes256-gcm@openssh.com', 'aes128-cbc', 'aes192-cbc', 'aes256-cbc', 'blowfish-cbc', 'cast128-cbc', '3des-cbc'] server encrypt:['chacha20-poly1305@openssh.com', 'aes128-ctr', 'aes192-ctr', 'aes256-ctr', 'aes128-gcm@openssh.com', 'aes256-gcm@openssh.com', 'aes128-cbc', 'aes192-cbc', 'aes256-cbc', 'blowfish-cbc', 'cast128-cbc', '3des-cbc'] client mac:['umac-64-etm@openssh.com', 'umac-128-etm@openssh.com', 'hmac-sha2-256-etm@openssh.com', 'hmac-sha2-512-etm@openssh.com', 'hmac-sha1-etm@openssh.com', 'umac-64@openssh.com', 'umac-128@openssh.com', 'hmac-sha2-256', 'hmac-sha2-512', 'hmac-sha1'] server mac:['umac-64-etm@openssh.com', 'umac-128-etm@openssh.com', 'hmac-sha2-256-etm@openssh.com', 'hmac-sha2-512-etm@openssh.com', 'hmac-sha1-etm@openssh.com', 'umac-64@openssh.com', 'umac-128@openssh.com', 'hmac-sha2-256', 'hmac-sha2-512', 'hmac-sha1'] client compress:['none', 'zlib@openssh.com'] server compress:['none', 'zlib@openssh.com'] client lang:[''] server lang:[''] kex follows?False
DEB [20200114-21:57:46.395] thr=1   paramiko.transport: Kex agreed: curve25519-sha256@libssh.org
DEB [20200114-21:57:46.395] thr=1   paramiko.transport: HostKey agreed: ssh-ed25519
DEB [20200114-21:57:46.395] thr=1   paramiko.transport: Cipher agreed: aes128-ctr
DEB [20200114-21:57:46.395] thr=1   paramiko.transport: MAC agreed: hmac-sha2-256
DEB [20200114-21:57:46.395] thr=1   paramiko.transport: Compression agreed: none
DEB [20200114-21:57:46.420] thr=1   paramiko.transport: kex engine KexCurve25519 specified hash_algo <built-in function openssl_sha256>
DEB [20200114-21:57:46.421] thr=1   paramiko.transport: Switch to new keys ...
DEB [20200114-21:57:46.422] thr=2   paramiko.transport: Trying discovered key b'8ec1bd547040c096859b9c28ce08b739' in C:\Users\LuSai\.ssh\yun_rsa
DEB [20200114-21:57:46.494] thr=1   paramiko.transport: userauth is OK
INF [20200114-21:57:46.517] thr=1   paramiko.transport: Authentication (publickey) successful!
DEB [20200114-21:57:46.518] thr=1   paramiko.transport: EOF in transport thread
DEB [20200114-23:36:40.330] thr=1   paramiko.transport: starting thread (client mode): 0xf523bca0
DEB [20200114-23:36:40.332] thr=1   paramiko.transport: Local version/idstring: SSH-2.0-paramiko_2.6.0
DEB [20200114-23:36:40.357] thr=1   paramiko.transport: Remote version/idstring: SSH-2.0-OpenSSH_7.4
INF [20200114-23:36:40.358] thr=1   paramiko.transport: Connected (version 2.0, client OpenSSH_7.4)
DEB [20200114-23:36:40.380] thr=1   paramiko.transport: kex algos:['curve25519-sha256', 'curve25519-sha256@libssh.org', 'ecdh-sha2-nistp256', 'ecdh-sha2-nistp384', 'ecdh-sha2-nistp521', 'diffie-hellman-group-exchange-sha256', 'diffie-hellman-group16-sha512', 'diffie-hellman-group18-sha512', 'diffie-hellman-group-exchange-sha1', 'diffie-hellman-group14-sha256', 'diffie-hellman-group14-sha1', 'diffie-hellman-group1-sha1'] server key:['ssh-rsa', 'rsa-sha2-512', 'rsa-sha2-256', 'ecdsa-sha2-nistp256', 'ssh-ed25519'] client encrypt:['chacha20-poly1305@openssh.com', 'aes128-ctr', 'aes192-ctr', 'aes256-ctr', 'aes128-gcm@openssh.com', 'aes256-gcm@openssh.com', 'aes128-cbc', 'aes192-cbc', 'aes256-cbc', 'blowfish-cbc', 'cast128-cbc', '3des-cbc'] server encrypt:['chacha20-poly1305@openssh.com', 'aes128-ctr', 'aes192-ctr', 'aes256-ctr', 'aes128-gcm@openssh.com', 'aes256-gcm@openssh.com', 'aes128-cbc', 'aes192-cbc', 'aes256-cbc', 'blowfish-cbc', 'cast128-cbc', '3des-cbc'] client mac:['umac-64-etm@openssh.com', 'umac-128-etm@openssh.com', 'hmac-sha2-256-etm@openssh.com', 'hmac-sha2-512-etm@openssh.com', 'hmac-sha1-etm@openssh.com', 'umac-64@openssh.com', 'umac-128@openssh.com', 'hmac-sha2-256', 'hmac-sha2-512', 'hmac-sha1'] server mac:['umac-64-etm@openssh.com', 'umac-128-etm@openssh.com', 'hmac-sha2-256-etm@openssh.com', 'hmac-sha2-512-etm@openssh.com', 'hmac-sha1-etm@openssh.com', 'umac-64@openssh.com', 'umac-128@openssh.com', 'hmac-sha2-256', 'hmac-sha2-512', 'hmac-sha1'] client compress:['none', 'zlib@openssh.com'] server compress:['none', 'zlib@openssh.com'] client lang:[''] server lang:[''] kex follows?False
DEB [20200114-23:36:40.381] thr=1   paramiko.transport: Kex agreed: curve25519-sha256@libssh.org
DEB [20200114-23:36:40.381] thr=1   paramiko.transport: HostKey agreed: ssh-ed25519
DEB [20200114-23:36:40.381] thr=1   paramiko.transport: Cipher agreed: aes128-ctr
DEB [20200114-23:36:40.381] thr=1   paramiko.transport: MAC agreed: hmac-sha2-256
DEB [20200114-23:36:40.381] thr=1   paramiko.transport: Compression agreed: none
DEB [20200114-23:36:40.409] thr=1   paramiko.transport: kex engine KexCurve25519 specified hash_algo <built-in function openssl_sha256>
DEB [20200114-23:36:40.409] thr=1   paramiko.transport: Switch to new keys ...
DEB [20200114-23:36:40.411] thr=2   paramiko.transport: Trying discovered key b'8ec1bd547040c096859b9c28ce08b739' in C:\Users\LuSai\.ssh\yun_rsa
DEB [20200114-23:36:40.489] thr=1   paramiko.transport: userauth is OK
INF [20200114-23:36:40.517] thr=1   paramiko.transport: Authentication (publickey) successful!
DEB [20200114-23:36:40.518] thr=2   paramiko.transport: [chan 0] Max packet in: 32768 bytes
DEB [20200114-23:36:40.595] thr=1   paramiko.transport: Received global request "hostkeys-00@openssh.com"
DEB [20200114-23:36:40.595] thr=1   paramiko.transport: Rejecting "hostkeys-00@openssh.com" global request from server.
DEB [20200114-23:36:40.656] thr=1   paramiko.transport: [chan 0] Max packet out: 32768 bytes
DEB [20200114-23:36:40.656] thr=1   paramiko.transport: Secsh channel 0 opened.
DEB [20200114-23:36:40.676] thr=1   paramiko.transport: [chan 0] Sesch channel 0 request ok
INF [20200114-23:36:40.915] thr=2   paramiko.transport.sftp: [chan 0] Opened sftp connection (server version 3)
DEB [20200114-23:36:40.916] thr=2   paramiko.transport.sftp: [chan 0] open(b'readme1.md', 'wb')
DEB [20200114-23:36:40.936] thr=2   paramiko.transport.sftp: [chan 0] open(b'readme1.md', 'wb') -> 00000000
DEB [20200114-23:36:40.937] thr=2   paramiko.transport.sftp: [chan 0] close(00000000)
DEB [20200114-23:36:40.976] thr=2   paramiko.transport.sftp: [chan 0] stat(b'readme1.md')
INF [20200114-23:36:40.999] thr=2   paramiko.transport.sftp: [chan 0] sftp session closed.
DEB [20200114-23:36:40.999] thr=2   paramiko.transport: [chan 0] EOF sent (0)
DEB [20200114-23:42:46.397] thr=1   paramiko.transport: starting thread (client mode): 0x31d0cca0
DEB [20200114-23:42:46.397] thr=1   paramiko.transport: Local version/idstring: SSH-2.0-paramiko_2.6.0
DEB [20200114-23:42:46.424] thr=1   paramiko.transport: Remote version/idstring: SSH-2.0-OpenSSH_7.4
INF [20200114-23:42:46.424] thr=1   paramiko.transport: Connected (version 2.0, client OpenSSH_7.4)
DEB [20200114-23:42:46.446] thr=1   paramiko.transport: kex algos:['curve25519-sha256', 'curve25519-sha256@libssh.org', 'ecdh-sha2-nistp256', 'ecdh-sha2-nistp384', 'ecdh-sha2-nistp521', 'diffie-hellman-group-exchange-sha256', 'diffie-hellman-group16-sha512', 'diffie-hellman-group18-sha512', 'diffie-hellman-group-exchange-sha1', 'diffie-hellman-group14-sha256', 'diffie-hellman-group14-sha1', 'diffie-hellman-group1-sha1'] server key:['ssh-rsa', 'rsa-sha2-512', 'rsa-sha2-256', 'ecdsa-sha2-nistp256', 'ssh-ed25519'] client encrypt:['chacha20-poly1305@openssh.com', 'aes128-ctr', 'aes192-ctr', 'aes256-ctr', 'aes128-gcm@openssh.com', 'aes256-gcm@openssh.com', 'aes128-cbc', 'aes192-cbc', 'aes256-cbc', 'blowfish-cbc', 'cast128-cbc', '3des-cbc'] server encrypt:['chacha20-poly1305@openssh.com', 'aes128-ctr', 'aes192-ctr', 'aes256-ctr', 'aes128-gcm@openssh.com', 'aes256-gcm@openssh.com', 'aes128-cbc', 'aes192-cbc', 'aes256-cbc', 'blowfish-cbc', 'cast128-cbc', '3des-cbc'] client mac:['umac-64-etm@openssh.com', 'umac-128-etm@openssh.com', 'hmac-sha2-256-etm@openssh.com', 'hmac-sha2-512-etm@openssh.com', 'hmac-sha1-etm@openssh.com', 'umac-64@openssh.com', 'umac-128@openssh.com', 'hmac-sha2-256', 'hmac-sha2-512', 'hmac-sha1'] server mac:['umac-64-etm@openssh.com', 'umac-128-etm@openssh.com', 'hmac-sha2-256-etm@openssh.com', 'hmac-sha2-512-etm@openssh.com', 'hmac-sha1-etm@openssh.com', 'umac-64@openssh.com', 'umac-128@openssh.com', 'hmac-sha2-256', 'hmac-sha2-512', 'hmac-sha1'] client compress:['none', 'zlib@openssh.com'] server compress:['none', 'zlib@openssh.com'] client lang:[''] server lang:[''] kex follows?False
DEB [20200114-23:42:46.446] thr=1   paramiko.transport: Kex agreed: curve25519-sha256@libssh.org
DEB [20200114-23:42:46.447] thr=1   paramiko.transport: HostKey agreed: ssh-ed25519
DEB [20200114-23:42:46.447] thr=1   paramiko.transport: Cipher agreed: aes128-ctr
DEB [20200114-23:42:46.447] thr=1   paramiko.transport: MAC agreed: hmac-sha2-256
DEB [20200114-23:42:46.447] thr=1   paramiko.transport: Compression agreed: none
DEB [20200114-23:42:46.474] thr=1   paramiko.transport: kex engine KexCurve25519 specified hash_algo <built-in function openssl_sha256>
DEB [20200114-23:42:46.474] thr=1   paramiko.transport: Switch to new keys ...
DEB [20200114-23:42:46.475] thr=2   paramiko.transport: Trying discovered key b'8ec1bd547040c096859b9c28ce08b739' in C:\Users\LuSai\.ssh\yun_rsa
DEB [20200114-23:42:46.555] thr=1   paramiko.transport: userauth is OK
INF [20200114-23:42:46.581] thr=1   paramiko.transport: Authentication (publickey) successful!
DEB [20200114-23:42:46.581] thr=2   paramiko.transport: [chan 0] Max packet in: 32768 bytes
DEB [20200114-23:42:46.659] thr=1   paramiko.transport: Received global request "hostkeys-00@openssh.com"
DEB [20200114-23:42:46.659] thr=1   paramiko.transport: Rejecting "hostkeys-00@openssh.com" global request from server.
DEB [20200114-23:42:46.720] thr=1   paramiko.transport: [chan 0] Max packet out: 32768 bytes
DEB [20200114-23:42:46.720] thr=1   paramiko.transport: Secsh channel 0 opened.
DEB [20200114-23:42:46.742] thr=1   paramiko.transport: [chan 0] Sesch channel 0 request ok
INF [20200114-23:42:46.973] thr=2   paramiko.transport.sftp: [chan 0] Opened sftp connection (server version 3)
DEB [20200114-23:42:46.974] thr=2   paramiko.transport.sftp: [chan 0] stat(b'readme1.md')
DEB [20200114-23:42:46.995] thr=2   paramiko.transport.sftp: [chan 0] open(b'readme1.md', 'rb')
DEB [20200114-23:42:47.016] thr=2   paramiko.transport.sftp: [chan 0] open(b'readme1.md', 'rb') -> 00000000
DEB [20200114-23:42:47.080] thr=2   paramiko.transport.sftp: [chan 0] close(00000000)
INF [20200114-23:42:47.104] thr=2   paramiko.transport.sftp: [chan 0] sftp session closed.
DEB [20200114-23:42:47.104] thr=2   paramiko.transport: [chan 0] EOF sent (0)
DEB [20200115-00:51:40.223] thr=1   paramiko.transport: starting thread (client mode): 0xbd2b0fd0
DEB [20200115-00:51:40.225] thr=1   paramiko.transport: Local version/idstring: SSH-2.0-paramiko_2.6.0
DEB [20200115-00:51:40.251] thr=1   paramiko.transport: Remote version/idstring: SSH-2.0-OpenSSH_7.4
INF [20200115-00:51:40.251] thr=1   paramiko.transport: Connected (version 2.0, client OpenSSH_7.4)
DEB [20200115-00:51:40.273] thr=1   paramiko.transport: kex algos:['curve25519-sha256', 'curve25519-sha256@libssh.org', 'ecdh-sha2-nistp256', 'ecdh-sha2-nistp384', 'ecdh-sha2-nistp521', 'diffie-hellman-group-exchange-sha256', 'diffie-hellman-group16-sha512', 'diffie-hellman-group18-sha512', 'diffie-hellman-group-exchange-sha1', 'diffie-hellman-group14-sha256', 'diffie-hellman-group14-sha1', 'diffie-hellman-group1-sha1'] server key:['ssh-rsa', 'rsa-sha2-512', 'rsa-sha2-256', 'ecdsa-sha2-nistp256', 'ssh-ed25519'] client encrypt:['chacha20-poly1305@openssh.com', 'aes128-ctr', 'aes192-ctr', 'aes256-ctr', 'aes128-gcm@openssh.com', 'aes256-gcm@openssh.com', 'aes128-cbc', 'aes192-cbc', 'aes256-cbc', 'blowfish-cbc', 'cast128-cbc', '3des-cbc'] server encrypt:['chacha20-poly1305@openssh.com', 'aes128-ctr', 'aes192-ctr', 'aes256-ctr', 'aes128-gcm@openssh.com', 'aes256-gcm@openssh.com', 'aes128-cbc', 'aes192-cbc', 'aes256-cbc', 'blowfish-cbc', 'cast128-cbc', '3des-cbc'] client mac:['umac-64-etm@openssh.com', 'umac-128-etm@openssh.com', 'hmac-sha2-256-etm@openssh.com', 'hmac-sha2-512-etm@openssh.com', 'hmac-sha1-etm@openssh.com', 'umac-64@openssh.com', 'umac-128@openssh.com', 'hmac-sha2-256', 'hmac-sha2-512', 'hmac-sha1'] server mac:['umac-64-etm@openssh.com', 'umac-128-etm@openssh.com', 'hmac-sha2-256-etm@openssh.com', 'hmac-sha2-512-etm@openssh.com', 'hmac-sha1-etm@openssh.com', 'umac-64@openssh.com', 'umac-128@openssh.com', 'hmac-sha2-256', 'hmac-sha2-512', 'hmac-sha1'] client compress:['none', 'zlib@openssh.com'] server compress:['none', 'zlib@openssh.com'] client lang:[''] server lang:[''] kex follows?False
DEB [20200115-00:51:40.273] thr=1   paramiko.transport: Kex agreed: curve25519-sha256@libssh.org
DEB [20200115-00:51:40.273] thr=1   paramiko.transport: HostKey agreed: ssh-ed25519
DEB [20200115-00:51:40.273] thr=1   paramiko.transport: Cipher agreed: aes128-ctr
DEB [20200115-00:51:40.273] thr=1   paramiko.transport: MAC agreed: hmac-sha2-256
DEB [20200115-00:51:40.273] thr=1   paramiko.transport: Compression agreed: none
DEB [20200115-00:51:40.311] thr=1   paramiko.transport: kex engine KexCurve25519 specified hash_algo <built-in function openssl_sha256>
DEB [20200115-00:51:40.312] thr=1   paramiko.transport: Switch to new keys ...
DEB [20200115-00:51:40.315] thr=2   paramiko.transport: Trying discovered key b'8ec1bd547040c096859b9c28ce08b739' in C:\Users\LuSai\.ssh\yun_rsa
DEB [20200115-00:51:40.390] thr=1   paramiko.transport: userauth is OK
INF [20200115-00:51:40.417] thr=1   paramiko.transport: Authentication (publickey) successful!
DEB [20200115-00:51:40.494] thr=1   paramiko.transport: Received global request "hostkeys-00@openssh.com"
DEB [20200115-00:51:40.495] thr=1   paramiko.transport: Rejecting "hostkeys-00@openssh.com" global request from server.
DEB [20200115-00:51:49.778] thr=2   paramiko.transport: [chan 0] Max packet in: 32768 bytes
DEB [20200115-00:51:49.798] thr=1   paramiko.transport: [chan 0] Max packet out: 32768 bytes
DEB [20200115-00:51:49.798] thr=1   paramiko.transport: Secsh channel 0 opened.
DEB [20200115-00:51:49.819] thr=1   paramiko.transport: [chan 0] Sesch channel 0 request ok
DEB [20200115-00:51:49.820] thr=2   paramiko.transport: [chan 0] EOF sent (0)
DEB [20200115-00:51:50.029] thr=1   paramiko.transport: [chan 0] EOF received (0)
DEB [20200115-00:52:19.075] thr=2   paramiko.transport: [chan 1] Max packet in: 32768 bytes
DEB [20200115-00:52:19.096] thr=1   paramiko.transport: [chan 1] Max packet out: 32768 bytes
DEB [20200115-00:52:19.096] thr=1   paramiko.transport: Secsh channel 1 opened.
DEB [20200115-00:52:19.118] thr=1   paramiko.transport: [chan 1] Sesch channel 1 request ok
DEB [20200115-00:52:19.119] thr=2   paramiko.transport: [chan 1] EOF sent (1)
DEB [20200115-00:52:19.324] thr=1   paramiko.transport: [chan 1] EOF received (1)
DEB [20200115-00:52:25.259] thr=1   paramiko.transport: EOF in transport thread
DEB [20200115-02:09:17.006] thr=1   paramiko.transport: starting thread (client mode): 0xe091cd30
DEB [20200115-02:09:17.007] thr=1   paramiko.transport: Local version/idstring: SSH-2.0-paramiko_2.6.0
DEB [20200115-02:09:17.031] thr=1   paramiko.transport: Remote version/idstring: SSH-2.0-OpenSSH_7.4
INF [20200115-02:09:17.032] thr=1   paramiko.transport: Connected (version 2.0, client OpenSSH_7.4)
DEB [20200115-02:09:17.053] thr=1   paramiko.transport: kex algos:['curve25519-sha256', 'curve25519-sha256@libssh.org', 'ecdh-sha2-nistp256', 'ecdh-sha2-nistp384', 'ecdh-sha2-nistp521', 'diffie-hellman-group-exchange-sha256', 'diffie-hellman-group16-sha512', 'diffie-hellman-group18-sha512', 'diffie-hellman-group-exchange-sha1', 'diffie-hellman-group14-sha256', 'diffie-hellman-group14-sha1', 'diffie-hellman-group1-sha1'] server key:['ssh-rsa', 'rsa-sha2-512', 'rsa-sha2-256', 'ecdsa-sha2-nistp256', 'ssh-ed25519'] client encrypt:['chacha20-poly1305@openssh.com', 'aes128-ctr', 'aes192-ctr', 'aes256-ctr', 'aes128-gcm@openssh.com', 'aes256-gcm@openssh.com', 'aes128-cbc', 'aes192-cbc', 'aes256-cbc', 'blowfish-cbc', 'cast128-cbc', '3des-cbc'] server encrypt:['chacha20-poly1305@openssh.com', 'aes128-ctr', 'aes192-ctr', 'aes256-ctr', 'aes128-gcm@openssh.com', 'aes256-gcm@openssh.com', 'aes128-cbc', 'aes192-cbc', 'aes256-cbc', 'blowfish-cbc', 'cast128-cbc', '3des-cbc'] client mac:['umac-64-etm@openssh.com', 'umac-128-etm@openssh.com', 'hmac-sha2-256-etm@openssh.com', 'hmac-sha2-512-etm@openssh.com', 'hmac-sha1-etm@openssh.com', 'umac-64@openssh.com', 'umac-128@openssh.com', 'hmac-sha2-256', 'hmac-sha2-512', 'hmac-sha1'] server mac:['umac-64-etm@openssh.com', 'umac-128-etm@openssh.com', 'hmac-sha2-256-etm@openssh.com', 'hmac-sha2-512-etm@openssh.com', 'hmac-sha1-etm@openssh.com', 'umac-64@openssh.com', 'umac-128@openssh.com', 'hmac-sha2-256', 'hmac-sha2-512', 'hmac-sha1'] client compress:['none', 'zlib@openssh.com'] server compress:['none', 'zlib@openssh.com'] client lang:[''] server lang:[''] kex follows?False
DEB [20200115-02:09:17.054] thr=1   paramiko.transport: Kex agreed: curve25519-sha256@libssh.org
DEB [20200115-02:09:17.054] thr=1   paramiko.transport: HostKey agreed: ssh-ed25519
DEB [20200115-02:09:17.054] thr=1   paramiko.transport: Cipher agreed: aes128-ctr
DEB [20200115-02:09:17.054] thr=1   paramiko.transport: MAC agreed: hmac-sha2-256
DEB [20200115-02:09:17.054] thr=1   paramiko.transport: Compression agreed: none
DEB [20200115-02:09:17.093] thr=1   paramiko.transport: kex engine KexCurve25519 specified hash_algo <built-in function openssl_sha256>
DEB [20200115-02:09:17.096] thr=1   paramiko.transport: Switch to new keys ...
DEB [20200115-02:09:17.102] thr=2   paramiko.transport: Trying discovered key b'8ec1bd547040c096859b9c28ce08b739' in C:/Users/LuSai/.ssh/yun_rsa
DEB [20200115-02:09:17.171] thr=1   paramiko.transport: userauth is OK
INF [20200115-02:09:17.199] thr=1   paramiko.transport: Authentication (publickey) successful!
DEB [20200115-02:09:17.273] thr=1   paramiko.transport: Received global request "hostkeys-00@openssh.com"
DEB [20200115-02:09:17.273] thr=1   paramiko.transport: Rejecting "hostkeys-00@openssh.com" global request from server.
DEB [20200115-02:09:37.321] thr=1   paramiko.transport: EOF in transport thread
DEB [20200115-02:11:45.334] thr=1   paramiko.transport: starting thread (client mode): 0x15e5bd30
DEB [20200115-02:11:45.335] thr=1   paramiko.transport: Local version/idstring: SSH-2.0-paramiko_2.6.0
DEB [20200115-02:11:45.359] thr=1   paramiko.transport: Remote version/idstring: SSH-2.0-OpenSSH_7.4
INF [20200115-02:11:45.359] thr=1   paramiko.transport: Connected (version 2.0, client OpenSSH_7.4)
DEB [20200115-02:11:45.380] thr=1   paramiko.transport: kex algos:['curve25519-sha256', 'curve25519-sha256@libssh.org', 'ecdh-sha2-nistp256', 'ecdh-sha2-nistp384', 'ecdh-sha2-nistp521', 'diffie-hellman-group-exchange-sha256', 'diffie-hellman-group16-sha512', 'diffie-hellman-group18-sha512', 'diffie-hellman-group-exchange-sha1', 'diffie-hellman-group14-sha256', 'diffie-hellman-group14-sha1', 'diffie-hellman-group1-sha1'] server key:['ssh-rsa', 'rsa-sha2-512', 'rsa-sha2-256', 'ecdsa-sha2-nistp256', 'ssh-ed25519'] client encrypt:['chacha20-poly1305@openssh.com', 'aes128-ctr', 'aes192-ctr', 'aes256-ctr', 'aes128-gcm@openssh.com', 'aes256-gcm@openssh.com', 'aes128-cbc', 'aes192-cbc', 'aes256-cbc', 'blowfish-cbc', 'cast128-cbc', '3des-cbc'] server encrypt:['chacha20-poly1305@openssh.com', 'aes128-ctr', 'aes192-ctr', 'aes256-ctr', 'aes128-gcm@openssh.com', 'aes256-gcm@openssh.com', 'aes128-cbc', 'aes192-cbc', 'aes256-cbc', 'blowfish-cbc', 'cast128-cbc', '3des-cbc'] client mac:['umac-64-etm@openssh.com', 'umac-128-etm@openssh.com', 'hmac-sha2-256-etm@openssh.com', 'hmac-sha2-512-etm@openssh.com', 'hmac-sha1-etm@openssh.com', 'umac-64@openssh.com', 'umac-128@openssh.com', 'hmac-sha2-256', 'hmac-sha2-512', 'hmac-sha1'] server mac:['umac-64-etm@openssh.com', 'umac-128-etm@openssh.com', 'hmac-sha2-256-etm@openssh.com', 'hmac-sha2-512-etm@openssh.com', 'hmac-sha1-etm@openssh.com', 'umac-64@openssh.com', 'umac-128@openssh.com', 'hmac-sha2-256', 'hmac-sha2-512', 'hmac-sha1'] client compress:['none', 'zlib@openssh.com'] server compress:['none', 'zlib@openssh.com'] client lang:[''] server lang:[''] kex follows?False
DEB [20200115-02:11:45.381] thr=1   paramiko.transport: Kex agreed: curve25519-sha256@libssh.org
DEB [20200115-02:11:45.381] thr=1   paramiko.transport: HostKey agreed: ssh-ed25519
DEB [20200115-02:11:45.381] thr=1   paramiko.transport: Cipher agreed: aes128-ctr
DEB [20200115-02:11:45.382] thr=1   paramiko.transport: MAC agreed: hmac-sha2-256
DEB [20200115-02:11:45.382] thr=1   paramiko.transport: Compression agreed: none
DEB [20200115-02:11:45.409] thr=1   paramiko.transport: kex engine KexCurve25519 specified hash_algo <built-in function openssl_sha256>
DEB [20200115-02:11:45.409] thr=1   paramiko.transport: Switch to new keys ...
DEB [20200115-02:11:45.410] thr=2   paramiko.transport: Trying discovered key b'8ec1bd547040c096859b9c28ce08b739' in C:/Users/LuSai/.ssh/yun_rsa
DEB [20200115-02:11:45.488] thr=1   paramiko.transport: userauth is OK
INF [20200115-02:11:45.513] thr=1   paramiko.transport: Authentication (publickey) successful!
DEB [20200115-02:11:45.596] thr=1   paramiko.transport: Received global request "hostkeys-00@openssh.com"
DEB [20200115-02:11:45.596] thr=1   paramiko.transport: Rejecting "hostkeys-00@openssh.com" global request from server.
DEB [20200115-02:11:48.441] thr=1   paramiko.transport: EOF in transport thread
DEB [20200115-02:14:00.370] thr=1   paramiko.transport: starting thread (client mode): 0x4123cd30
DEB [20200115-02:14:00.371] thr=1   paramiko.transport: Local version/idstring: SSH-2.0-paramiko_2.6.0
DEB [20200115-02:14:00.396] thr=1   paramiko.transport: Remote version/idstring: SSH-2.0-OpenSSH_7.4
INF [20200115-02:14:00.396] thr=1   paramiko.transport: Connected (version 2.0, client OpenSSH_7.4)
DEB [20200115-02:14:00.417] thr=1   paramiko.transport: kex algos:['curve25519-sha256', 'curve25519-sha256@libssh.org', 'ecdh-sha2-nistp256', 'ecdh-sha2-nistp384', 'ecdh-sha2-nistp521', 'diffie-hellman-group-exchange-sha256', 'diffie-hellman-group16-sha512', 'diffie-hellman-group18-sha512', 'diffie-hellman-group-exchange-sha1', 'diffie-hellman-group14-sha256', 'diffie-hellman-group14-sha1', 'diffie-hellman-group1-sha1'] server key:['ssh-rsa', 'rsa-sha2-512', 'rsa-sha2-256', 'ecdsa-sha2-nistp256', 'ssh-ed25519'] client encrypt:['chacha20-poly1305@openssh.com', 'aes128-ctr', 'aes192-ctr', 'aes256-ctr', 'aes128-gcm@openssh.com', 'aes256-gcm@openssh.com', 'aes128-cbc', 'aes192-cbc', 'aes256-cbc', 'blowfish-cbc', 'cast128-cbc', '3des-cbc'] server encrypt:['chacha20-poly1305@openssh.com', 'aes128-ctr', 'aes192-ctr', 'aes256-ctr', 'aes128-gcm@openssh.com', 'aes256-gcm@openssh.com', 'aes128-cbc', 'aes192-cbc', 'aes256-cbc', 'blowfish-cbc', 'cast128-cbc', '3des-cbc'] client mac:['umac-64-etm@openssh.com', 'umac-128-etm@openssh.com', 'hmac-sha2-256-etm@openssh.com', 'hmac-sha2-512-etm@openssh.com', 'hmac-sha1-etm@openssh.com', 'umac-64@openssh.com', 'umac-128@openssh.com', 'hmac-sha2-256', 'hmac-sha2-512', 'hmac-sha1'] server mac:['umac-64-etm@openssh.com', 'umac-128-etm@openssh.com', 'hmac-sha2-256-etm@openssh.com', 'hmac-sha2-512-etm@openssh.com', 'hmac-sha1-etm@openssh.com', 'umac-64@openssh.com', 'umac-128@openssh.com', 'hmac-sha2-256', 'hmac-sha2-512', 'hmac-sha1'] client compress:['none', 'zlib@openssh.com'] server compress:['none', 'zlib@openssh.com'] client lang:[''] server lang:[''] kex follows?False
DEB [20200115-02:14:00.417] thr=1   paramiko.transport: Kex agreed: curve25519-sha256@libssh.org
DEB [20200115-02:14:00.417] thr=1   paramiko.transport: HostKey agreed: ssh-ed25519
DEB [20200115-02:14:00.417] thr=1   paramiko.transport: Cipher agreed: aes128-ctr
DEB [20200115-02:14:00.417] thr=1   paramiko.transport: MAC agreed: hmac-sha2-256
DEB [20200115-02:14:00.417] thr=1   paramiko.transport: Compression agreed: none
DEB [20200115-02:14:00.445] thr=1   paramiko.transport: kex engine KexCurve25519 specified hash_algo <built-in function openssl_sha256>
DEB [20200115-02:14:00.446] thr=1   paramiko.transport: Switch to new keys ...
DEB [20200115-02:14:00.447] thr=2   paramiko.transport: Trying discovered key b'8ec1bd547040c096859b9c28ce08b739' in C:/Users/LuSai/.ssh/yun_rsa
DEB [20200115-02:14:00.521] thr=1   paramiko.transport: userauth is OK
INF [20200115-02:14:00.545] thr=1   paramiko.transport: Authentication (publickey) successful!
DEB [20200115-02:14:00.621] thr=1   paramiko.transport: Received global request "hostkeys-00@openssh.com"
DEB [20200115-02:14:00.621] thr=1   paramiko.transport: Rejecting "hostkeys-00@openssh.com" global request from server.
DEB [20200115-02:14:03.004] thr=1   paramiko.transport: EOF in transport thread
DEB [20200115-02:15:32.560] thr=1   paramiko.transport: starting thread (client mode): 0x6805cd00
DEB [20200115-02:15:32.561] thr=1   paramiko.transport: Local version/idstring: SSH-2.0-paramiko_2.6.0
DEB [20200115-02:15:32.584] thr=1   paramiko.transport: Remote version/idstring: SSH-2.0-OpenSSH_7.4
INF [20200115-02:15:32.584] thr=1   paramiko.transport: Connected (version 2.0, client OpenSSH_7.4)
DEB [20200115-02:15:32.604] thr=1   paramiko.transport: kex algos:['curve25519-sha256', 'curve25519-sha256@libssh.org', 'ecdh-sha2-nistp256', 'ecdh-sha2-nistp384', 'ecdh-sha2-nistp521', 'diffie-hellman-group-exchange-sha256', 'diffie-hellman-group16-sha512', 'diffie-hellman-group18-sha512', 'diffie-hellman-group-exchange-sha1', 'diffie-hellman-group14-sha256', 'diffie-hellman-group14-sha1', 'diffie-hellman-group1-sha1'] server key:['ssh-rsa', 'rsa-sha2-512', 'rsa-sha2-256', 'ecdsa-sha2-nistp256', 'ssh-ed25519'] client encrypt:['chacha20-poly1305@openssh.com', 'aes128-ctr', 'aes192-ctr', 'aes256-ctr', 'aes128-gcm@openssh.com', 'aes256-gcm@openssh.com', 'aes128-cbc', 'aes192-cbc', 'aes256-cbc', 'blowfish-cbc', 'cast128-cbc', '3des-cbc'] server encrypt:['chacha20-poly1305@openssh.com', 'aes128-ctr', 'aes192-ctr', 'aes256-ctr', 'aes128-gcm@openssh.com', 'aes256-gcm@openssh.com', 'aes128-cbc', 'aes192-cbc', 'aes256-cbc', 'blowfish-cbc', 'cast128-cbc', '3des-cbc'] client mac:['umac-64-etm@openssh.com', 'umac-128-etm@openssh.com', 'hmac-sha2-256-etm@openssh.com', 'hmac-sha2-512-etm@openssh.com', 'hmac-sha1-etm@openssh.com', 'umac-64@openssh.com', 'umac-128@openssh.com', 'hmac-sha2-256', 'hmac-sha2-512', 'hmac-sha1'] server mac:['umac-64-etm@openssh.com', 'umac-128-etm@openssh.com', 'hmac-sha2-256-etm@openssh.com', 'hmac-sha2-512-etm@openssh.com', 'hmac-sha1-etm@openssh.com', 'umac-64@openssh.com', 'umac-128@openssh.com', 'hmac-sha2-256', 'hmac-sha2-512', 'hmac-sha1'] client compress:['none', 'zlib@openssh.com'] server compress:['none', 'zlib@openssh.com'] client lang:[''] server lang:[''] kex follows?False
DEB [20200115-02:15:32.604] thr=1   paramiko.transport: Kex agreed: curve25519-sha256@libssh.org
DEB [20200115-02:15:32.604] thr=1   paramiko.transport: HostKey agreed: ssh-ed25519
DEB [20200115-02:15:32.604] thr=1   paramiko.transport: Cipher agreed: aes128-ctr
DEB [20200115-02:15:32.604] thr=1   paramiko.transport: MAC agreed: hmac-sha2-256
DEB [20200115-02:15:32.604] thr=1   paramiko.transport: Compression agreed: none
DEB [20200115-02:15:32.629] thr=1   paramiko.transport: kex engine KexCurve25519 specified hash_algo <built-in function openssl_sha256>
DEB [20200115-02:15:32.629] thr=1   paramiko.transport: Switch to new keys ...
DEB [20200115-02:15:32.630] thr=2   paramiko.transport: Trying discovered key b'8ec1bd547040c096859b9c28ce08b739' in C:/Users/LuSai/.ssh/yun_rsa
DEB [20200115-02:15:32.704] thr=1   paramiko.transport: userauth is OK
INF [20200115-02:15:32.729] thr=1   paramiko.transport: Authentication (publickey) successful!
DEB [20200115-02:15:32.808] thr=1   paramiko.transport: Received global request "hostkeys-00@openssh.com"
DEB [20200115-02:15:32.808] thr=1   paramiko.transport: Rejecting "hostkeys-00@openssh.com" global request from server.
DEB [20200115-02:15:35.753] thr=2   paramiko.transport: [chan 0] Max packet in: 32768 bytes
DEB [20200115-02:15:35.772] thr=1   paramiko.transport: [chan 0] Max packet out: 32768 bytes
DEB [20200115-02:15:35.772] thr=1   paramiko.transport: Secsh channel 0 opened.
DEB [20200115-02:15:35.792] thr=1   paramiko.transport: [chan 0] Sesch channel 0 request ok
DEB [20200115-02:15:35.792] thr=2   paramiko.transport: [chan 0] EOF sent (0)
DEB [20200115-02:15:35.985] thr=1   paramiko.transport: [chan 0] EOF received (0)
DEB [20200115-02:15:58.946] thr=2   paramiko.transport: [chan 1] Max packet in: 32768 bytes
DEB [20200115-02:15:58.964] thr=1   paramiko.transport: [chan 1] Max packet out: 32768 bytes
DEB [20200115-02:15:58.964] thr=1   paramiko.transport: Secsh channel 1 opened.
DEB [20200115-02:15:58.984] thr=1   paramiko.transport: [chan 1] Sesch channel 1 request ok
DEB [20200115-02:15:58.985] thr=2   paramiko.transport: [chan 1] EOF sent (1)
DEB [20200115-02:15:59.179] thr=1   paramiko.transport: [chan 1] EOF received (1)
DEB [20200115-02:16:04.339] thr=1   paramiko.transport: EOF in transport thread
DEB [20200115-02:17:19.094] thr=1   paramiko.transport: starting thread (client mode): 0xb8c1cd00
DEB [20200115-02:17:19.094] thr=1   paramiko.transport: Local version/idstring: SSH-2.0-paramiko_2.6.0
DEB [20200115-02:17:19.117] thr=1   paramiko.transport: Remote version/idstring: SSH-2.0-OpenSSH_7.4
INF [20200115-02:17:19.117] thr=1   paramiko.transport: Connected (version 2.0, client OpenSSH_7.4)
DEB [20200115-02:17:19.135] thr=1   paramiko.transport: kex algos:['curve25519-sha256', 'curve25519-sha256@libssh.org', 'ecdh-sha2-nistp256', 'ecdh-sha2-nistp384', 'ecdh-sha2-nistp521', 'diffie-hellman-group-exchange-sha256', 'diffie-hellman-group16-sha512', 'diffie-hellman-group18-sha512', 'diffie-hellman-group-exchange-sha1', 'diffie-hellman-group14-sha256', 'diffie-hellman-group14-sha1', 'diffie-hellman-group1-sha1'] server key:['ssh-rsa', 'rsa-sha2-512', 'rsa-sha2-256', 'ecdsa-sha2-nistp256', 'ssh-ed25519'] client encrypt:['chacha20-poly1305@openssh.com', 'aes128-ctr', 'aes192-ctr', 'aes256-ctr', 'aes128-gcm@openssh.com', 'aes256-gcm@openssh.com', 'aes128-cbc', 'aes192-cbc', 'aes256-cbc', 'blowfish-cbc', 'cast128-cbc', '3des-cbc'] server encrypt:['chacha20-poly1305@openssh.com', 'aes128-ctr', 'aes192-ctr', 'aes256-ctr', 'aes128-gcm@openssh.com', 'aes256-gcm@openssh.com', 'aes128-cbc', 'aes192-cbc', 'aes256-cbc', 'blowfish-cbc', 'cast128-cbc', '3des-cbc'] client mac:['umac-64-etm@openssh.com', 'umac-128-etm@openssh.com', 'hmac-sha2-256-etm@openssh.com', 'hmac-sha2-512-etm@openssh.com', 'hmac-sha1-etm@openssh.com', 'umac-64@openssh.com', 'umac-128@openssh.com', 'hmac-sha2-256', 'hmac-sha2-512', 'hmac-sha1'] server mac:['umac-64-etm@openssh.com', 'umac-128-etm@openssh.com', 'hmac-sha2-256-etm@openssh.com', 'hmac-sha2-512-etm@openssh.com', 'hmac-sha1-etm@openssh.com', 'umac-64@openssh.com', 'umac-128@openssh.com', 'hmac-sha2-256', 'hmac-sha2-512', 'hmac-sha1'] client compress:['none', 'zlib@openssh.com'] server compress:['none', 'zlib@openssh.com'] client lang:[''] server lang:[''] kex follows?False
DEB [20200115-02:17:19.135] thr=1   paramiko.transport: Kex agreed: curve25519-sha256@libssh.org
DEB [20200115-02:17:19.135] thr=1   paramiko.transport: HostKey agreed: ssh-ed25519
DEB [20200115-02:17:19.135] thr=1   paramiko.transport: Cipher agreed: aes128-ctr
DEB [20200115-02:17:19.136] thr=1   paramiko.transport: MAC agreed: hmac-sha2-256
DEB [20200115-02:17:19.136] thr=1   paramiko.transport: Compression agreed: none
DEB [20200115-02:17:19.159] thr=1   paramiko.transport: kex engine KexCurve25519 specified hash_algo <built-in function openssl_sha256>
DEB [20200115-02:17:19.159] thr=1   paramiko.transport: Switch to new keys ...
DEB [20200115-02:17:19.160] thr=2   paramiko.transport: Trying discovered key b'8ec1bd547040c096859b9c28ce08b739' in C:/Users/LuSai/.ssh/yun_rsa
DEB [20200115-02:17:19.233] thr=1   paramiko.transport: userauth is OK
INF [20200115-02:17:19.255] thr=1   paramiko.transport: Authentication (publickey) successful!
DEB [20200115-02:17:19.256] thr=2   paramiko.transport: [chan 0] Max packet in: 32768 bytes
DEB [20200115-02:17:19.333] thr=1   paramiko.transport: Received global request "hostkeys-00@openssh.com"
DEB [20200115-02:17:19.333] thr=1   paramiko.transport: Rejecting "hostkeys-00@openssh.com" global request from server.
DEB [20200115-02:17:19.389] thr=1   paramiko.transport: [chan 0] Max packet out: 32768 bytes
DEB [20200115-02:17:19.389] thr=1   paramiko.transport: Secsh channel 0 opened.
DEB [20200115-02:17:19.408] thr=1   paramiko.transport: [chan 0] Sesch channel 0 request ok
INF [20200115-02:17:19.622] thr=2   paramiko.transport.sftp: [chan 0] Opened sftp connection (server version 3)
DEB [20200115-02:17:19.625] thr=2   paramiko.transport.sftp: [chan 0] open(b'readme1.md', 'wb')
DEB [20200115-02:17:19.643] thr=2   paramiko.transport.sftp: [chan 0] open(b'readme1.md', 'wb') -> 00000000
DEB [20200115-02:17:19.645] thr=2   paramiko.transport.sftp: [chan 0] close(00000000)
DEB [20200115-02:17:19.679] thr=2   paramiko.transport.sftp: [chan 0] stat(b'readme1.md')
INF [20200115-02:17:19.696] thr=2   paramiko.transport.sftp: [chan 0] sftp session closed.
DEB [20200115-02:17:19.696] thr=2   paramiko.transport: [chan 0] EOF sent (0)
DEB [20200115-02:17:48.078] thr=1   paramiko.transport: starting thread (client mode): 0x7b40cd00
DEB [20200115-02:17:48.078] thr=1   paramiko.transport: Local version/idstring: SSH-2.0-paramiko_2.6.0
DEB [20200115-02:17:48.105] thr=1   paramiko.transport: Remote version/idstring: SSH-2.0-OpenSSH_7.4
INF [20200115-02:17:48.105] thr=1   paramiko.transport: Connected (version 2.0, client OpenSSH_7.4)
DEB [20200115-02:17:48.126] thr=1   paramiko.transport: kex algos:['curve25519-sha256', 'curve25519-sha256@libssh.org', 'ecdh-sha2-nistp256', 'ecdh-sha2-nistp384', 'ecdh-sha2-nistp521', 'diffie-hellman-group-exchange-sha256', 'diffie-hellman-group16-sha512', 'diffie-hellman-group18-sha512', 'diffie-hellman-group-exchange-sha1', 'diffie-hellman-group14-sha256', 'diffie-hellman-group14-sha1', 'diffie-hellman-group1-sha1'] server key:['ssh-rsa', 'rsa-sha2-512', 'rsa-sha2-256', 'ecdsa-sha2-nistp256', 'ssh-ed25519'] client encrypt:['chacha20-poly1305@openssh.com', 'aes128-ctr', 'aes192-ctr', 'aes256-ctr', 'aes128-gcm@openssh.com', 'aes256-gcm@openssh.com', 'aes128-cbc', 'aes192-cbc', 'aes256-cbc', 'blowfish-cbc', 'cast128-cbc', '3des-cbc'] server encrypt:['chacha20-poly1305@openssh.com', 'aes128-ctr', 'aes192-ctr', 'aes256-ctr', 'aes128-gcm@openssh.com', 'aes256-gcm@openssh.com', 'aes128-cbc', 'aes192-cbc', 'aes256-cbc', 'blowfish-cbc', 'cast128-cbc', '3des-cbc'] client mac:['umac-64-etm@openssh.com', 'umac-128-etm@openssh.com', 'hmac-sha2-256-etm@openssh.com', 'hmac-sha2-512-etm@openssh.com', 'hmac-sha1-etm@openssh.com', 'umac-64@openssh.com', 'umac-128@openssh.com', 'hmac-sha2-256', 'hmac-sha2-512', 'hmac-sha1'] server mac:['umac-64-etm@openssh.com', 'umac-128-etm@openssh.com', 'hmac-sha2-256-etm@openssh.com', 'hmac-sha2-512-etm@openssh.com', 'hmac-sha1-etm@openssh.com', 'umac-64@openssh.com', 'umac-128@openssh.com', 'hmac-sha2-256', 'hmac-sha2-512', 'hmac-sha1'] client compress:['none', 'zlib@openssh.com'] server compress:['none', 'zlib@openssh.com'] client lang:[''] server lang:[''] kex follows?False
DEB [20200115-02:17:48.126] thr=1   paramiko.transport: Kex agreed: curve25519-sha256@libssh.org
DEB [20200115-02:17:48.126] thr=1   paramiko.transport: HostKey agreed: ssh-ed25519
DEB [20200115-02:17:48.126] thr=1   paramiko.transport: Cipher agreed: aes128-ctr
DEB [20200115-02:17:48.126] thr=1   paramiko.transport: MAC agreed: hmac-sha2-256
DEB [20200115-02:17:48.126] thr=1   paramiko.transport: Compression agreed: none
DEB [20200115-02:17:48.152] thr=1   paramiko.transport: kex engine KexCurve25519 specified hash_algo <built-in function openssl_sha256>
DEB [20200115-02:17:48.152] thr=1   paramiko.transport: Switch to new keys ...
DEB [20200115-02:17:48.153] thr=2   paramiko.transport: Trying discovered key b'8ec1bd547040c096859b9c28ce08b739' in C:/Users/LuSai/.ssh/yun_rsa
DEB [20200115-02:17:48.230] thr=1   paramiko.transport: userauth is OK
INF [20200115-02:17:48.255] thr=1   paramiko.transport: Authentication (publickey) successful!
DEB [20200115-02:17:48.256] thr=2   paramiko.transport: [chan 0] Max packet in: 32768 bytes
DEB [20200115-02:17:48.330] thr=1   paramiko.transport: Received global request "hostkeys-00@openssh.com"
DEB [20200115-02:17:48.330] thr=1   paramiko.transport: Rejecting "hostkeys-00@openssh.com" global request from server.
DEB [20200115-02:17:48.389] thr=1   paramiko.transport: [chan 0] Max packet out: 32768 bytes
DEB [20200115-02:17:48.389] thr=1   paramiko.transport: Secsh channel 0 opened.
DEB [20200115-02:17:48.410] thr=1   paramiko.transport: [chan 0] Sesch channel 0 request ok
INF [20200115-02:17:48.613] thr=2   paramiko.transport.sftp: [chan 0] Opened sftp connection (server version 3)
DEB [20200115-02:17:48.613] thr=2   paramiko.transport.sftp: [chan 0] stat(b'readme1.md')
DEB [20200115-02:17:48.634] thr=2   paramiko.transport.sftp: [chan 0] open(b'readme1.md', 'rb')
DEB [20200115-02:17:48.653] thr=2   paramiko.transport.sftp: [chan 0] open(b'readme1.md', 'rb') -> 00000000
DEB [20200115-02:17:48.713] thr=2   paramiko.transport.sftp: [chan 0] close(00000000)
INF [20200115-02:17:48.733] thr=2   paramiko.transport.sftp: [chan 0] sftp session closed.
DEB [20200115-02:17:48.733] thr=2   paramiko.transport: [chan 0] EOF sent (0)
DEB [20200115-02:17:48.734] thr=1   paramiko.transport: EOF in transport thread
